2024-06-01 17:44:42,256 - DEBUG - #################################################################################################### - Unique ID: El_Señor_De_Los_Anillos_El_Retorno_Del_Rey_-_Extended_Edition_(2003).mkv_1717256682
2024-06-01 17:44:42,256 - DEBUG - #################################################################################################### - Unique ID: El_Señor_De_Los_Anillos_El_Retorno_Del_Rey_-_Extended_Edition_(2003).mkv_1717256682
2024-06-01 17:44:42,256 - DEBUG - #################################################################################################### - Unique ID: El_Señor_De_Los_Anillos_El_Retorno_Del_Rey_-_Extended_Edition_(2003).mkv_1717256682
2024-06-01 17:44:42,256 - DEBUG - Executed command: python C:\src\torrents_automanagement\src\main.py --source_path "E:\HANDBRAKE\El Señor De Los Anillos El Retorno Del Rey - Extended Edition (2003).mkv" --category "peliculas_4k_webdl" --tracker "https://hd-olimpo.club/announce/QlV9CdZiw4CC03yIZ09VeZTEBM9GeBZ9" - Unique ID: El_Señor_De_Los_Anillos_El_Retorno_Del_Rey_-_Extended_Edition_(2003).mkv_1717256682
2024-06-01 17:44:42,257 - DEBUG - #################################################################################################### - Unique ID: El_Señor_De_Los_Anillos_El_Retorno_Del_Rey_-_Extended_Edition_(2003).mkv_1717256682
2024-06-01 17:44:42,257 - DEBUG - #################################################################################################### - Unique ID: El_Señor_De_Los_Anillos_El_Retorno_Del_Rey_-_Extended_Edition_(2003).mkv_1717256682
2024-06-01 17:44:42,257 - DEBUG - #################################################################################################### - Unique ID: El_Señor_De_Los_Anillos_El_Retorno_Del_Rey_-_Extended_Edition_(2003).mkv_1717256682
2024-06-01 17:44:42,257 - DEBUG - Starting the process - Unique ID: El_Señor_De_Los_Anillos_El_Retorno_Del_Rey_-_Extended_Edition_(2003).mkv_1717256682
2024-06-01 17:44:42,257 - DEBUG - Input variables to prepare_temporary_folder() ---> prepare_temporary_folder(source_path='E:\\HANDBRAKE\\El Señor De Los Anillos El Retorno Del Rey - Extended Edition (2003).mkv', category='peliculas_4k_webdl', original_file_name='El Señor De Los Anillos El Retorno Del Rey - Extended Edition (2003).mkv', logger=<RootLogger root (DEBUG)>) - Unique ID: El_Señor_De_Los_Anillos_El_Retorno_Del_Rey_-_Extended_Edition_(2003).mkv_1717256682
2024-06-01 17:44:42,257 - INFO - Creating temporary folder - Unique ID: El_Señor_De_Los_Anillos_El_Retorno_Del_Rey_-_Extended_Edition_(2003).mkv_1717256682
2024-06-01 17:44:42,262 - DEBUG - Starting new HTTPS connection (1): api.telegram.org:443 - Unique ID: El_Señor_De_Los_Anillos_El_Retorno_Del_Rey_-_Extended_Edition_(2003).mkv_1717256682
2024-06-01 17:44:42,484 - DEBUG - https://api.telegram.org:443 "POST /bot1930438601:AAHgaQd8u9kh64ngKOh5w02jSH9Pse82Htc/sendMessage HTTP/1.1" 200 439 - Unique ID: El_Señor_De_Los_Anillos_El_Retorno_Del_Rey_-_Extended_Edition_(2003).mkv_1717256682
2024-06-01 17:44:42,486 - DEBUG - tmp_path: E:\ - Unique ID: El_Señor_De_Los_Anillos_El_Retorno_Del_Rey_-_Extended_Edition_(2003).mkv_1717256682
2024-06-01 17:44:42,486 - DEBUG - tmp_path_posters: E:\posters - Unique ID: El_Señor_De_Los_Anillos_El_Retorno_Del_Rey_-_Extended_Edition_(2003).mkv_1717256682
2024-06-01 17:44:42,486 - DEBUG - tmp_path after creating subdirs: E:\scrap_movies - Unique ID: El_Señor_De_Los_Anillos_El_Retorno_Del_Rey_-_Extended_Edition_(2003).mkv_1717256682
2024-06-01 17:44:42,487 - DEBUG - Folder 22fb7ce1a16376f37d056eb50cb0ac57 created - Unique ID: El_Señor_De_Los_Anillos_El_Retorno_Del_Rey_-_Extended_Edition_(2003).mkv_1717256682
2024-06-01 17:44:42,487 - DEBUG - After create_hash_folder hash_folder_path: E:\scrap_movies\22fb7ce1a16376f37d056eb50cb0ac57, hash_folder: 22fb7ce1a16376f37d056eb50cb0ac57 - Unique ID: El_Señor_De_Los_Anillos_El_Retorno_Del_Rey_-_Extended_Edition_(2003).mkv_1717256682
2024-06-01 17:44:42,487 - DEBUG - Output variables from prepare_temporary_folder() ---> hash_folder_path: E:\scrap_movies\22fb7ce1a16376f37d056eb50cb0ac57, posters_folder_path: E:\posters, hash_folder: 22fb7ce1a16376f37d056eb50cb0ac57 - Unique ID: El_Señor_De_Los_Anillos_El_Retorno_Del_Rey_-_Extended_Edition_(2003).mkv_1717256682
2024-06-01 17:44:42,487 - DEBUG - Input variables to process_downloaded_file() ---> process_downloaded_file(args=Namespace(source_path='E:\\HANDBRAKE\\El Señor De Los Anillos El Retorno Del Rey - Extended Edition (2003).mkv', category='peliculas_4k_webdl', tracker='https://hd-olimpo.club/announce/QlV9CdZiw4CC03yIZ09VeZTEBM9GeBZ9', upload_to_google_drive='False'), configuration={'tmm_configuration_path': '/mnt/StoragePool/scripts/tmm_configuration', 'downloads_mount_point': '/mnt/StoragePool/qBittorrent/downloads'}, hash_folder_path='E:\\scrap_movies\\22fb7ce1a16376f37d056eb50cb0ac57', posters_folder_path='E:\\posters', hash_folder='22fb7ce1a16376f37d056eb50cb0ac57', logger=<RootLogger root (DEBUG)>) - Unique ID: El_Señor_De_Los_Anillos_El_Retorno_Del_Rey_-_Extended_Edition_(2003).mkv_1717256682
2024-06-01 17:44:42,487 - INFO - Downloaded - Unique ID: El_Señor_De_Los_Anillos_El_Retorno_Del_Rey_-_Extended_Edition_(2003).mkv_1717256682
2024-06-01 17:44:42,488 - DEBUG - Starting new HTTPS connection (1): api.telegram.org:443 - Unique ID: El_Señor_De_Los_Anillos_El_Retorno_Del_Rey_-_Extended_Edition_(2003).mkv_1717256682
2024-06-01 17:44:42,662 - DEBUG - https://api.telegram.org:443 "POST /bot1930438601:AAHgaQd8u9kh64ngKOh5w02jSH9Pse82Htc/sendMessage HTTP/1.1" 200 424 - Unique ID: El_Señor_De_Los_Anillos_El_Retorno_Del_Rey_-_Extended_Edition_(2003).mkv_1717256682
2024-06-01 17:44:42,664 - INFO - Moving file to temporary folder - Unique ID: El_Señor_De_Los_Anillos_El_Retorno_Del_Rey_-_Extended_Edition_(2003).mkv_1717256682
2024-06-01 17:44:42,665 - DEBUG - Starting new HTTPS connection (1): api.telegram.org:443 - Unique ID: El_Señor_De_Los_Anillos_El_Retorno_Del_Rey_-_Extended_Edition_(2003).mkv_1717256682
2024-06-01 17:44:42,799 - DEBUG - https://api.telegram.org:443 "POST /bot1930438601:AAHgaQd8u9kh64ngKOh5w02jSH9Pse82Htc/sendMessage HTTP/1.1" 200 445 - Unique ID: El_Señor_De_Los_Anillos_El_Retorno_Del_Rey_-_Extended_Edition_(2003).mkv_1717256682
2024-06-01 17:44:42,800 - DEBUG - clean_movies_folder_name(file_name="El Señor De Los Anillos El Retorno Del Rey - Extended Edition (2003).mkv", tracker="https://hd-olimpo.club/announce/QlV9CdZiw4CC03yIZ09VeZTEBM9GeBZ9", logger="<RootLogger root (DEBUG)>") - Unique ID: El_Señor_De_Los_Anillos_El_Retorno_Del_Rey_-_Extended_Edition_(2003).mkv_1717256682
2024-06-01 17:44:42,800 - DEBUG - Inside olimpo condition - Unique ID: El_Señor_De_Los_Anillos_El_Retorno_Del_Rey_-_Extended_Edition_(2003).mkv_1717256682
2024-06-01 17:44:42,800 - DEBUG - folder_name_cleaned El Señor De Los Anillos El Retorno Del Rey - Extended Edition (2003) - Unique ID: El_Señor_De_Los_Anillos_El_Retorno_Del_Rey_-_Extended_Edition_(2003).mkv_1717256682
2024-06-01 17:44:42,800 - DEBUG - folder_to_scrap_path: E:\scrap_movies\22fb7ce1a16376f37d056eb50cb0ac57\El Señor De Los Anillos El Retorno Del Rey - Extended Edition (2003) - Unique ID: El_Señor_De_Los_Anillos_El_Retorno_Del_Rey_-_Extended_Edition_(2003).mkv_1717256682
2024-06-01 17:44:42,802 - DEBUG - Copied E:\HANDBRAKE\El Señor De Los Anillos El Retorno Del Rey - Extended Edition (2003).mkv to E:\scrap_movies\22fb7ce1a16376f37d056eb50cb0ac57\El Señor De Los Anillos El Retorno Del Rey - Extended Edition (2003)\El Señor De Los Anillos El Retorno Del Rey - Extended Edition (2003).mkv - Unique ID: El_Señor_De_Los_Anillos_El_Retorno_Del_Rey_-_Extended_Edition_(2003).mkv_1717256682
2024-06-01 17:44:42,802 - INFO - File moved to temporary folder - Unique ID: El_Señor_De_Los_Anillos_El_Retorno_Del_Rey_-_Extended_Edition_(2003).mkv_1717256682
2024-06-01 17:44:42,803 - DEBUG - Starting new HTTPS connection (1): api.telegram.org:443 - Unique ID: El_Señor_De_Los_Anillos_El_Retorno_Del_Rey_-_Extended_Edition_(2003).mkv_1717256682
2024-06-01 17:44:42,942 - DEBUG - https://api.telegram.org:443 "POST /bot1930438601:AAHgaQd8u9kh64ngKOh5w02jSH9Pse82Htc/sendMessage HTTP/1.1" 200 444 - Unique ID: El_Señor_De_Los_Anillos_El_Retorno_Del_Rey_-_Extended_Edition_(2003).mkv_1717256682
2024-06-01 17:44:42,943 - INFO - Starting scraping - Unique ID: El_Señor_De_Los_Anillos_El_Retorno_Del_Rey_-_Extended_Edition_(2003).mkv_1717256682
2024-06-01 17:44:42,945 - DEBUG - Starting new HTTPS connection (1): api.telegram.org:443 - Unique ID: El_Señor_De_Los_Anillos_El_Retorno_Del_Rey_-_Extended_Edition_(2003).mkv_1717256682
2024-06-01 17:44:43,095 - DEBUG - https://api.telegram.org:443 "POST /bot1930438601:AAHgaQd8u9kh64ngKOh5w02jSH9Pse82Htc/sendMessage HTTP/1.1" 200 431 - Unique ID: El_Señor_De_Los_Anillos_El_Retorno_Del_Rey_-_Extended_Edition_(2003).mkv_1717256682
2024-06-01 17:44:43,096 - DEBUG - Trying 0 attempt - Unique ID: El_Señor_De_Los_Anillos_El_Retorno_Del_Rey_-_Extended_Edition_(2003).mkv_1717256682
2024-06-01 17:44:43,096 - DEBUG - Docker command: docker run --rm -e CONTENT_TYPE="movie" -v /mnt/StoragePool/qBittorrent/downloads\scrap_movies\22fb7ce1a16376f37d056eb50cb0ac57:/webdl -v /mnt/StoragePool/scripts/tmm_configuration:/tinyMediaManager/data alexaalex93/tinymediamanager_cli_ubuntu - Unique ID: El_Señor_De_Los_Anillos_El_Retorno_Del_Rey_-_Extended_Edition_(2003).mkv_1717256682
2024-06-01 17:44:43,550 - DEBUG - Trying 1 attempt - Unique ID: El_Señor_De_Los_Anillos_El_Retorno_Del_Rey_-_Extended_Edition_(2003).mkv_1717256682
2024-06-01 17:44:43,550 - DEBUG - Docker command: docker run --rm -e CONTENT_TYPE="movie" -v /mnt/StoragePool/qBittorrent/downloads\scrap_movies\22fb7ce1a16376f37d056eb50cb0ac57:/webdl -v /mnt/StoragePool/scripts/tmm_configuration:/tinyMediaManager/data alexaalex93/tinymediamanager_cli_ubuntu - Unique ID: El_Señor_De_Los_Anillos_El_Retorno_Del_Rey_-_Extended_Edition_(2003).mkv_1717256682
2024-06-01 17:44:43,685 - DEBUG - Trying 2 attempt - Unique ID: El_Señor_De_Los_Anillos_El_Retorno_Del_Rey_-_Extended_Edition_(2003).mkv_1717256682
2024-06-01 17:44:43,685 - DEBUG - Docker command: docker run --rm -e CONTENT_TYPE="movie" -v /mnt/StoragePool/qBittorrent/downloads\scrap_movies\22fb7ce1a16376f37d056eb50cb0ac57:/webdl -v /mnt/StoragePool/scripts/tmm_configuration:/tinyMediaManager/data alexaalex93/tinymediamanager_cli_ubuntu - Unique ID: El_Señor_De_Los_Anillos_El_Retorno_Del_Rey_-_Extended_Edition_(2003).mkv_1717256682
2024-06-01 17:44:43,825 - DEBUG - poster_path result [] - Unique ID: El_Señor_De_Los_Anillos_El_Retorno_Del_Rey_-_Extended_Edition_(2003).mkv_1717256682
2024-06-01 17:44:43,825 - DEBUG - Result after scrap poster_path: None - Unique ID: El_Señor_De_Los_Anillos_El_Retorno_Del_Rey_-_Extended_Edition_(2003).mkv_1717256682
2024-06-01 17:44:43,825 - INFO - File scraped - Unique ID: El_Señor_De_Los_Anillos_El_Retorno_Del_Rey_-_Extended_Edition_(2003).mkv_1717256682
2024-06-01 17:44:43,827 - DEBUG - Starting new HTTPS connection (1): api.telegram.org:443 - Unique ID: El_Señor_De_Los_Anillos_El_Retorno_Del_Rey_-_Extended_Edition_(2003).mkv_1717256682
2024-06-01 17:44:43,976 - DEBUG - https://api.telegram.org:443 "POST /bot1930438601:AAHgaQd8u9kh64ngKOh5w02jSH9Pse82Htc/sendMessage HTTP/1.1" 200 426 - Unique ID: El_Señor_De_Los_Anillos_El_Retorno_Del_Rey_-_Extended_Edition_(2003).mkv_1717256682
2024-06-01 17:44:43,977 - DEBUG - Output variables from process_downloaded_file() ---> poster_path: None. series_telegram_message: None - Unique ID: El_Señor_De_Los_Anillos_El_Retorno_Del_Rey_-_Extended_Edition_(2003).mkv_1717256682
2024-06-01 17:44:43,977 - DEBUG - Input variables to create_title() ---> create_title(hash_folder_path='E:\\scrap_movies\\22fb7ce1a16376f37d056eb50cb0ac57', category='peliculas_4k_webdl', logger=<RootLogger root (DEBUG)>) - Unique ID: El_Señor_De_Los_Anillos_El_Retorno_Del_Rey_-_Extended_Edition_(2003).mkv_1717256682
2024-06-01 17:44:43,977 - DEBUG - Glob result of os.path.join(hash_folder_path, *) E:\scrap_movies\22fb7ce1a16376f37d056eb50cb0ac57\El Señor De Los Anillos El Retorno Del Rey - Extended Edition (2003) - Unique ID: El_Señor_De_Los_Anillos_El_Retorno_Del_Rey_-_Extended_Edition_(2003).mkv_1717256682
2024-06-01 17:44:43,977 - DEBUG - Output variables from create_title() ---> title: El Señor De Los Anillos El Retorno Del Rey - Extended Edition (2003), resolution: 2160p, folder_to_upload_path: E:\scrap_movies\22fb7ce1a16376f37d056eb50cb0ac57\El Señor De Los Anillos El Retorno Del Rey - Extended Edition (2003) - Unique ID: El_Señor_De_Los_Anillos_El_Retorno_Del_Rey_-_Extended_Edition_(2003).mkv_1717256682
2024-06-01 17:44:43,978 - DEBUG - Input variables to move_to_local_folder() ---> move_to_local_folder(folder_to_upload_path='E:\\scrap_movies\\22fb7ce1a16376f37d056eb50cb0ac57\\El Señor De Los Anillos El Retorno Del Rey - Extended Edition (2003)', category='peliculas_4k_webdl', logger=<RootLogger root (DEBUG)>) - Unique ID: El_Señor_De_Los_Anillos_El_Retorno_Del_Rey_-_Extended_Edition_(2003).mkv_1717256682
2024-06-01 17:44:43,978 - INFO - Starting to move - Unique ID: El_Señor_De_Los_Anillos_El_Retorno_Del_Rey_-_Extended_Edition_(2003).mkv_1717256682
2024-06-01 17:44:43,979 - DEBUG - Starting new HTTPS connection (1): api.telegram.org:443 - Unique ID: El_Señor_De_Los_Anillos_El_Retorno_Del_Rey_-_Extended_Edition_(2003).mkv_1717256682
2024-06-01 17:44:44,101 - DEBUG - https://api.telegram.org:443 "POST /bot1930438601:AAHgaQd8u9kh64ngKOh5w02jSH9Pse82Htc/sendMessage HTTP/1.1" 200 430 - Unique ID: El_Señor_De_Los_Anillos_El_Retorno_Del_Rey_-_Extended_Edition_(2003).mkv_1717256682
2024-06-01 17:44:44,104 - INFO - Moved finished - Unique ID: El_Señor_De_Los_Anillos_El_Retorno_Del_Rey_-_Extended_Edition_(2003).mkv_1717256682
2024-06-01 17:44:44,106 - DEBUG - Starting new HTTPS connection (1): api.telegram.org:443 - Unique ID: El_Señor_De_Los_Anillos_El_Retorno_Del_Rey_-_Extended_Edition_(2003).mkv_1717256682
2024-06-01 17:44:44,248 - DEBUG - https://api.telegram.org:443 "POST /bot1930438601:AAHgaQd8u9kh64ngKOh5w02jSH9Pse82Htc/sendMessage HTTP/1.1" 200 428 - Unique ID: El_Señor_De_Los_Anillos_El_Retorno_Del_Rey_-_Extended_Edition_(2003).mkv_1717256682
2024-06-01 17:44:44,256 - DEBUG - Starting new HTTPS connection (1): api.telegram.org:443 - Unique ID: El_Señor_De_Los_Anillos_El_Retorno_Del_Rey_-_Extended_Edition_(2003).mkv_1717256682
2024-06-01 17:44:44,446 - DEBUG - https://api.telegram.org:443 "POST /bot1943982218:AAHzXG3GEwU528AqiNHLzLT3XKnJe4X7vaA/sendMessage HTTP/1.1" 200 470 - Unique ID: El_Señor_De_Los_Anillos_El_Retorno_Del_Rey_-_Extended_Edition_(2003).mkv_1717256682
2024-06-01 17:44:44,448 - DEBUG - Input variables to perform_housekeeping() ---> perform_housekeeping(hash_folder_path='E:\\scrap_movies\\22fb7ce1a16376f37d056eb50cb0ac57', logger=<RootLogger root (DEBUG)>) - Unique ID: El_Señor_De_Los_Anillos_El_Retorno_Del_Rey_-_Extended_Edition_(2003).mkv_1717256682
2024-06-01 17:44:44,448 - INFO - Starting housekeeping - Unique ID: El_Señor_De_Los_Anillos_El_Retorno_Del_Rey_-_Extended_Edition_(2003).mkv_1717256682
2024-06-01 17:44:44,449 - DEBUG - Starting new HTTPS connection (1): api.telegram.org:443 - Unique ID: El_Señor_De_Los_Anillos_El_Retorno_Del_Rey_-_Extended_Edition_(2003).mkv_1717256682
2024-06-01 17:44:44,604 - DEBUG - https://api.telegram.org:443 "POST /bot1930438601:AAHgaQd8u9kh64ngKOh5w02jSH9Pse82Htc/sendMessage HTTP/1.1" 200 435 - Unique ID: El_Señor_De_Los_Anillos_El_Retorno_Del_Rey_-_Extended_Edition_(2003).mkv_1717256682
2024-06-01 17:44:44,606 - INFO - Housekeeping, file deleted from temporary folder - Unique ID: El_Señor_De_Los_Anillos_El_Retorno_Del_Rey_-_Extended_Edition_(2003).mkv_1717256682
2024-06-01 17:44:44,608 - DEBUG - Starting new HTTPS connection (1): api.telegram.org:443 - Unique ID: El_Señor_De_Los_Anillos_El_Retorno_Del_Rey_-_Extended_Edition_(2003).mkv_1717256682
2024-06-01 17:44:44,740 - DEBUG - https://api.telegram.org:443 "POST /bot1930438601:AAHgaQd8u9kh64ngKOh5w02jSH9Pse82Htc/sendMessage HTTP/1.1" 200 462 - Unique ID: El_Señor_De_Los_Anillos_El_Retorno_Del_Rey_-_Extended_Edition_(2003).mkv_1717256682
